nohup: ignoring input
Workspace extension with invalid name (defaultProject) found.
****************************************************************************************
This is a simple server for use in testing or debugging Angular applications locally.
It hasn't been reviewed for security issues.

DON'T USE IT FOR PRODUCTION!
****************************************************************************************
- Generating browser application bundles (phase: setup)...
    TypeScript compiler options "target" and "useDefineForClassFields" are set to "ES2022" and "false" respectively by the Angular CLI. To control ECMA version and features use the Browerslist configuration. For more information, see https://angular.io/guide/build#configuring-browser-compatibility
    NOTE: You can set the "target" to "ES2022" in the project's tsconfig to remove this warning.
✔ Browser application bundle generation complete.

Initial Chunk Files   | Names              |  Raw Size | Estimated Transfer Size
main.js               | main               | 303.96 kB |                84.74 kB
styles.css, styles.js | styles             |  71.97 kB |                21.79 kB
runtime.js            | runtime            |   2.72 kB |                 1.27 kB

| Initial Total      | 378.64 kB |               107.80 kB

Lazy Chunk Files      | Names              |  Raw Size | Estimated Transfer Size
857.js                | tasks-tasks-module |  44.85 kB |                 9.82 kB

Build at: 2025-12-18T11:21:16.469Z - Hash: ba91d8b0555c311a - Time: 3551ms

** Angular Live Development Server is listening on localhost:4200, open your browser on http://localhost:4200/ **


✔ Compiled successfully.
✔ Browser application bundle generation complete.

4 unchanged chunks

Build at: 2025-12-18T11:21:17.477Z - Hash: ba91d8b0555c311a - Time: 936ms

✔ Compiled successfully.
